Using pre-set license
Built from '2020.3/staging' branch; Version is '2020.3.30f1 (1fb1bf06830e) revision 2077119'; Using compiler version '192528614'; Build Type 'Release'
OS: 'Windows 11  (10.0.22621) 64bit Professional' Language: 'ko' Physical Memory: 16121 MB
BatchMode: 1, IsHumanControllingUs: 0, StartBugReporterOnCrash: 0, Is64bit: 1, IsPro: 0

COMMAND LINE ARGUMENTS:
C:\Program Files\Unity\Hub\Editor\2020.3.30f1\Editor\Unity.exe
-adb2
-batchMode
-noUpm
-name
AssetImportWorker0
-projectPath
C:/Users/user/Documents/GitHub/InfiniteGacha/InfiniteGacha
-logFile
Logs/AssetImportWorker0.log
-srvPort
63817
Successfully changed project path to: C:/Users/user/Documents/GitHub/InfiniteGacha/InfiniteGacha
C:/Users/user/Documents/GitHub/InfiniteGacha/InfiniteGacha
Using Asset Import Pipeline V2.
Refreshing native plugins compatible for Editor in 58.37 ms, found 3 plugins.
Preloading 0 native plugins for Editor in 0.00 ms.
Initialize engine version: 2020.3.30f1 (1fb1bf06830e)
[Subsystems] Discovering subsystems at path C:/Program Files/Unity/Hub/Editor/2020.3.30f1/Editor/Data/Resources/UnitySubsystems
[Subsystems] Discovering subsystems at path C:/Users/user/Documents/GitHub/InfiniteGacha/InfiniteGacha/Assets
GfxDevice: creating device client; threaded=0
Direct3D:
    Version:  Direct3D 11.0 [level 11.1]
    Renderer: NVIDIA GeForce RTX 3050 Ti Laptop GPU (ID=0x25a0)
    Vendor:   
    VRAM:     3990 MB
    Driver:   27.21.14.6235
Initialize mono
Mono path[0] = 'C:/Program Files/Unity/Hub/Editor/2020.3.30f1/Editor/Data/Managed'
Mono path[1] = 'C:/Program Files/Unity/Hub/Editor/2020.3.30f1/Editor/Data/MonoBleedingEdge/lib/mono/unityjit'
Mono config path = 'C:/Program Files/Unity/Hub/Editor/2020.3.30f1/Editor/Data/MonoBleedingEdge/etc'
Using monoOptions --debugger-agent=transport=dt_socket,embedding=1,server=y,suspend=n,address=127.0.0.1:56076
Begin MonoManager ReloadAssembly
Registering precompiled unity dll's ...
Register platform support module: C:/Program Files/Unity/Hub/Editor/2020.3.30f1/Editor/Data/PlaybackEngines/WindowsStandaloneSupport/UnityEditor.WindowsStandalone.Extensions.dll
Registered in 0.001036 seconds.
Native extension for WindowsStandalone target not found
Refreshing native plugins compatible for Editor in 60.95 ms, found 3 plugins.
Preloading 0 native plugins for Editor in 0.00 ms.
Mono: successfully reloaded assembly
- Completed reload, in  0.491 seconds
Domain Reload Profiling:
	ReloadAssembly (492ms)
		BeginReloadAssembly (47ms)
			ExecutionOrderSort (0ms)
			DisableScriptedObjects (0ms)
			BackupInstance (0ms)
			ReleaseScriptingObjects (0ms)
			CreateAndSetChildDomain (1ms)
		EndReloadAssembly (390ms)
			LoadAssemblies (46ms)
			RebuildTransferFunctionScriptingTraits (0ms)
			SetupTypeCache (112ms)
			ReleaseScriptCaches (0ms)
			RebuildScriptCaches (26ms)
			SetupLoadedEditorAssemblies (166ms)
				LogAssemblyErrors (0ms)
				InitializePlatformSupportModulesInManaged (4ms)
				SetLoadedEditorAssemblies (0ms)
				RefreshPlugins (61ms)
				BeforeProcessingInitializeOnLoad (14ms)
				ProcessInitializeOnLoadAttributes (65ms)
				ProcessInitializeOnLoadMethodAttributes (22ms)
				AfterProcessingInitializeOnLoad (0ms)
				EditorAssembliesLoaded (0ms)
			ExecutionOrderSort2 (0ms)
			AwakeInstancesAfterBackupRestoration (0ms)
Platform modules already initialized, skipping
Registering precompiled user dll's ...
Registered in 0.003079 seconds.
Begin MonoManager ReloadAssembly
Native extension for WindowsStandalone target not found
Refreshing native plugins compatible for Editor in 62.28 ms, found 3 plugins.
Preloading 0 native plugins for Editor in 0.00 ms.
Mono: successfully reloaded assembly
- Completed reload, in  1.049 seconds
Domain Reload Profiling:
	ReloadAssembly (1050ms)
		BeginReloadAssembly (117ms)
			ExecutionOrderSort (0ms)
			DisableScriptedObjects (4ms)
			BackupInstance (0ms)
			ReleaseScriptingObjects (0ms)
			CreateAndSetChildDomain (18ms)
		EndReloadAssembly (887ms)
			LoadAssemblies (82ms)
			RebuildTransferFunctionScriptingTraits (0ms)
			SetupTypeCache (269ms)
			ReleaseScriptCaches (1ms)
			RebuildScriptCaches (79ms)
			SetupLoadedEditorAssemblies (356ms)
				LogAssemblyErrors (0ms)
				InitializePlatformSupportModulesInManaged (3ms)
				SetLoadedEditorAssemblies (0ms)
				RefreshPlugins (62ms)
				BeforeProcessingInitializeOnLoad (96ms)
				ProcessInitializeOnLoadAttributes (175ms)
				ProcessInitializeOnLoadMethodAttributes (17ms)
				AfterProcessingInitializeOnLoad (3ms)
				EditorAssembliesLoaded (0ms)
			ExecutionOrderSort2 (0ms)
			AwakeInstancesAfterBackupRestoration (5ms)
Platform modules already initialized, skipping
========================================================================
Worker process is ready to serve import requests
Launched and connected shader compiler UnityShaderCompiler.exe after 0.06 seconds
Refreshing native plugins compatible for Editor in 0.71 ms, found 3 plugins.
Preloading 0 native plugins for Editor in 0.00 ms.
Unloading 3886 Unused Serialized files (Serialized files now loaded: 0)
System memory in use before: 164.8 MB.
System memory in use after: 164.9 MB.

Unloading 32 unused Assets to reduce memory usage. Loaded Objects now: 4316.
Total: 3.019700 ms (FindLiveObjects: 0.235800 ms CreateObjectMapping: 0.097100 ms MarkObjects: 2.523600 ms  DeleteObjects: 0.161700 ms)

AssetImportParameters requested are different than current active one (requested -> active):
  custom:framework-win-MediaFoundation: 216162199b28c13a410421893ffa2e32 -> 
  custom:video-decoder-ogg-theora: a1e56fd34408186e4bbccfd4996cb3dc -> 
  custom:container-muxer-webm: aa71ff27fc2769a1b78a27578f13a17b -> 
  custom:container-demuxer-webm: 4f35f7cbe854078d1ac9338744f61a02 -> 
  custom:container-demuxer-ogg: 62fdf1f143b41e24485cea50d1cbac27 -> 
  custom:video-encoder-webm-vp8: eb34c28f22e8b96e1ab97ce403110664 -> 
  custom:video-codec-MediaFoundation-h265: 746d11721c4dcdbdad8f713fa42b33f4 -> 
  custom:video-decoder-webm-vp8: 9c59270c3fd7afecdb556c50c9e8de78 -> 
  custom:audio-decoder-ogg-vorbis: bf7c407c2cedff20999df2af8eb42d56 -> 
  custom:audio-encoder-webm-vorbis: bf7c407c2cedff20999df2af8eb42d56 -> 
========================================================================
Received Import Request.
  path: Assets/Resources/GachaObjects/4Star/1226.Earth 1.asset
  artifactKey: Guid(91ff581108ed6954799a91da7372afac) Importer(815301076,1909f56bfc062723c751e8b465ee728b)
Start importing Assets/Resources/GachaObjects/4Star/1226.Earth 1.asset using Guid(91ff581108ed6954799a91da7372afac) Importer(815301076,1909f56bfc062723c751e8b465ee728b)  -> (artifact id: '2a99f9d8fd74ab30435c4d6aff9cc659') in 0.033013 seconds 
========================================================================
Received Import Request.
  Time since last request: 5.698486 seconds.
  path: Assets/Resources/GachaObjects/4Star/1227.Satellite.asset
  artifactKey: Guid(91ff581108ed6954799a91da7372afac) Importer(815301076,1909f56bfc062723c751e8b465ee728b)
Start importing Assets/Resources/GachaObjects/4Star/1227.Satellite.asset using Guid(91ff581108ed6954799a91da7372afac) Importer(815301076,1909f56bfc062723c751e8b465ee728b)  -> (artifact id: '29f1da8988cfac299e9e4d9a378af69d') in 0.005269 seconds 
========================================================================
Received Import Request.
  Time since last request: 51.027721 seconds.
  path: Assets/Textures/Objects/AceOfCups.png
  artifactKey: Guid(63287ec97d1bc1f4b8bfe5db5caceb62) Importer(815301076,1909f56bfc062723c751e8b465ee728b)
Start importing Assets/Textures/Objects/AceOfCups.png using Guid(63287ec97d1bc1f4b8bfe5db5caceb62) Importer(815301076,1909f56bfc062723c751e8b465ee728b)  -> (artifact id: '3178248f19e291a763a31a8c2f76e42e') in 0.080793 seconds 
========================================================================
Received Import Request.
  Time since last request: 41.325636 seconds.
  path: Assets/Resources/GachaObjects/5Star/1637.AoC.asset
  artifactKey: Guid(937461aa271c1e64db75718a1ad1a821) Importer(815301076,1909f56bfc062723c751e8b465ee728b)
Start importing Assets/Resources/GachaObjects/5Star/1637.AoC.asset using Guid(937461aa271c1e64db75718a1ad1a821) Importer(815301076,1909f56bfc062723c751e8b465ee728b)  -> (artifact id: '9b921baeb11475141ef4d6db64a0f552') in 0.005634 seconds 
========================================================================
Received Import Request.
  Time since last request: 1.514887 seconds.
  path: Assets/Resources/GachaObjects/5Star/1637.AoC.asset
  artifactKey: Guid(937461aa271c1e64db75718a1ad1a821) Importer(815301076,1909f56bfc062723c751e8b465ee728b)
Start importing Assets/Resources/GachaObjects/5Star/1637.AoC.asset using Guid(937461aa271c1e64db75718a1ad1a821) Importer(815301076,1909f56bfc062723c751e8b465ee728b)  -> (artifact id: '7bbc0060279d8a59cef272663ed7a2d2') in 0.002620 seconds 
========================================================================
Received Import Request.
  Time since last request: 1.671647 seconds.
  path: Assets/Resources/GachaObjects/5Star/1637.AoC 1.asset
  artifactKey: Guid(898ba86c57d108b42b6c5c716f0966c4) Importer(815301076,1909f56bfc062723c751e8b465ee728b)
Start importing Assets/Resources/GachaObjects/5Star/1637.AoC 1.asset using Guid(898ba86c57d108b42b6c5c716f0966c4) Importer(815301076,1909f56bfc062723c751e8b465ee728b)  -> (artifact id: '09a004212dadd7658eab95cdef7f4b5e') in 0.005266 seconds 
========================================================================
Received Import Request.
  Time since last request: 8.879466 seconds.
  path: Assets/Resources/GachaObjects/5Star/1638.Jupiter.asset
  artifactKey: Guid(898ba86c57d108b42b6c5c716f0966c4) Importer(815301076,1909f56bfc062723c751e8b465ee728b)
Start importing Assets/Resources/GachaObjects/5Star/1638.Jupiter.asset using Guid(898ba86c57d108b42b6c5c716f0966c4) Importer(815301076,1909f56bfc062723c751e8b465ee728b)  -> (artifact id: '87e62769c92753f15332ed3f4a498291') in 0.005335 seconds 
========================================================================
Received Import Request.
  Time since last request: 15.461301 seconds.
  path: Assets/Resources/GachaObjects/4Star/1227.Satellite.asset
  artifactKey: Guid(91ff581108ed6954799a91da7372afac) Importer(815301076,1909f56bfc062723c751e8b465ee728b)
Start importing Assets/Resources/GachaObjects/4Star/1227.Satellite.asset using Guid(91ff581108ed6954799a91da7372afac) Importer(815301076,1909f56bfc062723c751e8b465ee728b)  -> (artifact id: 'fe64fd22cc78771987af61d34fed125a') in 0.002655 seconds 
AssetImportWorkerClient::OnTransportError - code=2 error=End of file
