Using pre-set license
Built from '2020.3/staging' branch; Version is '2020.3.30f1 (1fb1bf06830e) revision 2077119'; Using compiler version '192528614'; Build Type 'Release'
OS: 'Windows 11  (10.0.22621) 64bit Professional' Language: 'ko' Physical Memory: 16121 MB
BatchMode: 1, IsHumanControllingUs: 0, StartBugReporterOnCrash: 0, Is64bit: 1, IsPro: 0

COMMAND LINE ARGUMENTS:
C:\Program Files\Unity\Hub\Editor\2020.3.30f1\Editor\Unity.exe
-adb2
-batchMode
-noUpm
-name
AssetImportWorker0
-projectPath
C:/Users/user/Documents/GitHub/InfiniteGacha/InfiniteGacha
-logFile
Logs/AssetImportWorker0.log
-srvPort
53844
Successfully changed project path to: C:/Users/user/Documents/GitHub/InfiniteGacha/InfiniteGacha
C:/Users/user/Documents/GitHub/InfiniteGacha/InfiniteGacha
Using Asset Import Pipeline V2.
Refreshing native plugins compatible for Editor in 63.37 ms, found 3 plugins.
Preloading 0 native plugins for Editor in 0.00 ms.
Initialize engine version: 2020.3.30f1 (1fb1bf06830e)
[Subsystems] Discovering subsystems at path C:/Program Files/Unity/Hub/Editor/2020.3.30f1/Editor/Data/Resources/UnitySubsystems
[Subsystems] Discovering subsystems at path C:/Users/user/Documents/GitHub/InfiniteGacha/InfiniteGacha/Assets
GfxDevice: creating device client; threaded=0
Direct3D:
    Version:  Direct3D 11.0 [level 11.1]
    Renderer: NVIDIA GeForce RTX 3050 Ti Laptop GPU (ID=0x25a0)
    Vendor:   
    VRAM:     3990 MB
    Driver:   27.21.14.6235
Initialize mono
Mono path[0] = 'C:/Program Files/Unity/Hub/Editor/2020.3.30f1/Editor/Data/Managed'
Mono path[1] = 'C:/Program Files/Unity/Hub/Editor/2020.3.30f1/Editor/Data/MonoBleedingEdge/lib/mono/unityjit'
Mono config path = 'C:/Program Files/Unity/Hub/Editor/2020.3.30f1/Editor/Data/MonoBleedingEdge/etc'
Using monoOptions --debugger-agent=transport=dt_socket,embedding=1,server=y,suspend=n,address=127.0.0.1:56680
Begin MonoManager ReloadAssembly
Registering precompiled unity dll's ...
Register platform support module: C:/Program Files/Unity/Hub/Editor/2020.3.30f1/Editor/Data/PlaybackEngines/WindowsStandaloneSupport/UnityEditor.WindowsStandalone.Extensions.dll
Registered in 0.001219 seconds.
Native extension for WindowsStandalone target not found
Refreshing native plugins compatible for Editor in 81.57 ms, found 3 plugins.
Preloading 0 native plugins for Editor in 0.00 ms.
Mono: successfully reloaded assembly
- Completed reload, in  0.530 seconds
Domain Reload Profiling:
	ReloadAssembly (531ms)
		BeginReloadAssembly (53ms)
			ExecutionOrderSort (0ms)
			DisableScriptedObjects (0ms)
			BackupInstance (0ms)
			ReleaseScriptingObjects (0ms)
			CreateAndSetChildDomain (1ms)
		EndReloadAssembly (422ms)
			LoadAssemblies (52ms)
			RebuildTransferFunctionScriptingTraits (0ms)
			SetupTypeCache (115ms)
			ReleaseScriptCaches (0ms)
			RebuildScriptCaches (27ms)
			SetupLoadedEditorAssemblies (193ms)
				LogAssemblyErrors (0ms)
				InitializePlatformSupportModulesInManaged (4ms)
				SetLoadedEditorAssemblies (0ms)
				RefreshPlugins (82ms)
				BeforeProcessingInitializeOnLoad (15ms)
				ProcessInitializeOnLoadAttributes (69ms)
				ProcessInitializeOnLoadMethodAttributes (23ms)
				AfterProcessingInitializeOnLoad (0ms)
				EditorAssembliesLoaded (0ms)
			ExecutionOrderSort2 (0ms)
			AwakeInstancesAfterBackupRestoration (0ms)
Platform modules already initialized, skipping
Registering precompiled user dll's ...
Registered in 0.002567 seconds.
Begin MonoManager ReloadAssembly
Native extension for WindowsStandalone target not found
Refreshing native plugins compatible for Editor in 62.84 ms, found 3 plugins.
Preloading 0 native plugins for Editor in 0.00 ms.
Mono: successfully reloaded assembly
- Completed reload, in  1.075 seconds
Domain Reload Profiling:
	ReloadAssembly (1076ms)
		BeginReloadAssembly (121ms)
			ExecutionOrderSort (0ms)
			DisableScriptedObjects (4ms)
			BackupInstance (0ms)
			ReleaseScriptingObjects (0ms)
			CreateAndSetChildDomain (18ms)
		EndReloadAssembly (906ms)
			LoadAssemblies (86ms)
			RebuildTransferFunctionScriptingTraits (0ms)
			SetupTypeCache (286ms)
			ReleaseScriptCaches (1ms)
			RebuildScriptCaches (82ms)
			SetupLoadedEditorAssemblies (350ms)
				LogAssemblyErrors (0ms)
				InitializePlatformSupportModulesInManaged (3ms)
				SetLoadedEditorAssemblies (0ms)
				RefreshPlugins (63ms)
				BeforeProcessingInitializeOnLoad (97ms)
				ProcessInitializeOnLoadAttributes (170ms)
				ProcessInitializeOnLoadMethodAttributes (14ms)
				AfterProcessingInitializeOnLoad (3ms)
				EditorAssembliesLoaded (0ms)
			ExecutionOrderSort2 (0ms)
			AwakeInstancesAfterBackupRestoration (4ms)
Platform modules already initialized, skipping
========================================================================
Worker process is ready to serve import requests
Launched and connected shader compiler UnityShaderCompiler.exe after 0.05 seconds
Refreshing native plugins compatible for Editor in 0.70 ms, found 3 plugins.
Preloading 0 native plugins for Editor in 0.00 ms.
Unloading 3882 Unused Serialized files (Serialized files now loaded: 0)
System memory in use before: 164.7 MB.
System memory in use after: 164.8 MB.

Unloading 32 unused Assets to reduce memory usage. Loaded Objects now: 4312.
Total: 2.990600 ms (FindLiveObjects: 0.244700 ms CreateObjectMapping: 0.078500 ms MarkObjects: 2.502200 ms  DeleteObjects: 0.164100 ms)

AssetImportParameters requested are different than current active one (requested -> active):
  custom:framework-win-MediaFoundation: 216162199b28c13a410421893ffa2e32 -> 
  custom:video-decoder-ogg-theora: a1e56fd34408186e4bbccfd4996cb3dc -> 
  custom:container-muxer-webm: aa71ff27fc2769a1b78a27578f13a17b -> 
  custom:container-demuxer-webm: 4f35f7cbe854078d1ac9338744f61a02 -> 
  custom:container-demuxer-ogg: 62fdf1f143b41e24485cea50d1cbac27 -> 
  custom:video-encoder-webm-vp8: eb34c28f22e8b96e1ab97ce403110664 -> 
  custom:video-codec-MediaFoundation-h265: 746d11721c4dcdbdad8f713fa42b33f4 -> 
  custom:video-decoder-webm-vp8: 9c59270c3fd7afecdb556c50c9e8de78 -> 
  custom:audio-decoder-ogg-vorbis: bf7c407c2cedff20999df2af8eb42d56 -> 
  custom:audio-encoder-webm-vorbis: bf7c407c2cedff20999df2af8eb42d56 -> 
========================================================================
Received Import Request.
  path: Assets/Textures/Objects
  artifactKey: Guid(733ebb1c5fedc794d93e48148fc8a6eb) Importer(815301076,1909f56bfc062723c751e8b465ee728b)
Start importing Assets/Textures/Objects using Guid(733ebb1c5fedc794d93e48148fc8a6eb) Importer(815301076,1909f56bfc062723c751e8b465ee728b)  -> (artifact id: 'f8d82b0198e5c25ef409ea00c9d107f0') in 0.008873 seconds 
========================================================================
Received Import Request.
  Time since last request: 4.730284 seconds.
  path: Assets/Textures/Frame
  artifactKey: Guid(8e45848b9865ad345a2d46cb9933d647) Importer(815301076,1909f56bfc062723c751e8b465ee728b)
Start importing Assets/Textures/Frame using Guid(8e45848b9865ad345a2d46cb9933d647) Importer(815301076,1909f56bfc062723c751e8b465ee728b)  -> (artifact id: 'aef5a1c28e3ea3a0902052afb8d684b0') in 0.005390 seconds 
========================================================================
Received Import Request.
  Time since last request: 1.595305 seconds.
  path: Assets/Textures/FiveStarFrame.png
  artifactKey: Guid(5fca63a7980a4494892989a07aa9e292) Importer(815301076,1909f56bfc062723c751e8b465ee728b)
Start importing Assets/Textures/FiveStarFrame.png using Guid(5fca63a7980a4494892989a07aa9e292) Importer(815301076,1909f56bfc062723c751e8b465ee728b)  -> (artifact id: '01350676b2ccbb2d584d020e005ba799') in 0.083447 seconds 
========================================================================
Received Import Request.
  Time since last request: 0.954441 seconds.
  path: Assets/Textures/FiveStarFrameRemaster.png
  artifactKey: Guid(af0c5f65b3f6bc441b43d512cad5aeb9) Importer(815301076,1909f56bfc062723c751e8b465ee728b)
Start importing Assets/Textures/FiveStarFrameRemaster.png using Guid(af0c5f65b3f6bc441b43d512cad5aeb9) Importer(815301076,1909f56bfc062723c751e8b465ee728b)  -> (artifact id: '1d4c527e6b4b2cab3dde1453b8d07538') in 0.014081 seconds 
========================================================================
Received Import Request.
  Time since last request: 0.297265 seconds.
  path: Assets/Textures/FourStarFrame.png
  artifactKey: Guid(739861bb09e10ae4b8f55eeeadaf7769) Importer(815301076,1909f56bfc062723c751e8b465ee728b)
Start importing Assets/Textures/FourStarFrame.png using Guid(739861bb09e10ae4b8f55eeeadaf7769) Importer(815301076,1909f56bfc062723c751e8b465ee728b)  -> (artifact id: 'aeeda13cad0e1dfe61ed42ad277c9141') in 0.013432 seconds 
========================================================================
Received Import Request.
  Time since last request: 8.791484 seconds.
  path: Assets/Textures/Effects
  artifactKey: Guid(a75bd1a2f6d8b7a4f9b618dec32850b4) Importer(815301076,1909f56bfc062723c751e8b465ee728b)
Start importing Assets/Textures/Effects using Guid(a75bd1a2f6d8b7a4f9b618dec32850b4) Importer(815301076,1909f56bfc062723c751e8b465ee728b)  -> (artifact id: 'f772bebd7b448110f3f912107fc7c095') in 0.005201 seconds 
========================================================================
Received Import Request.
  Time since last request: 557.061474 seconds.
  path: Assets/GachaObjects
  artifactKey: Guid(3b2ccb7ef920a194790757776034270c) Importer(815301076,1909f56bfc062723c751e8b465ee728b)
Start importing Assets/GachaObjects using Guid(3b2ccb7ef920a194790757776034270c) Importer(815301076,1909f56bfc062723c751e8b465ee728b)  -> (artifact id: 'd2972ca7231d8ea5df56a78bc935322e') in 0.005126 seconds 
========================================================================
Received Import Request.
  Time since last request: 4.131299 seconds.
  path: Assets/GachaObjects/1Star
  artifactKey: Guid(92dfe3a48aa9a304198216d8598e979b) Importer(815301076,1909f56bfc062723c751e8b465ee728b)
Start importing Assets/GachaObjects/1Star using Guid(92dfe3a48aa9a304198216d8598e979b) Importer(815301076,1909f56bfc062723c751e8b465ee728b)  -> (artifact id: '26b457f379e173a9ff61413d786a778e') in 0.005208 seconds 
========================================================================
Received Import Request.
  Time since last request: 5.074673 seconds.
  path: Assets/GachaObjects/2Star
  artifactKey: Guid(1455de076dc8de8498b5948478de2abd) Importer(815301076,1909f56bfc062723c751e8b465ee728b)
Start importing Assets/GachaObjects/2Star using Guid(1455de076dc8de8498b5948478de2abd) Importer(815301076,1909f56bfc062723c751e8b465ee728b)  -> (artifact id: '1d7ba025a8d6aa152fd2c2c1e21dd571') in 0.005076 seconds 
========================================================================
Received Import Request.
  Time since last request: 3.574322 seconds.
  path: Assets/GachaObjects/3Star
  artifactKey: Guid(04e99ea29cc5ba54db8c5b0845899d4b) Importer(815301076,1909f56bfc062723c751e8b465ee728b)
Start importing Assets/GachaObjects/3Star using Guid(04e99ea29cc5ba54db8c5b0845899d4b) Importer(815301076,1909f56bfc062723c751e8b465ee728b)  -> (artifact id: 'a0f4c4eb0c966354901c31624b6a40eb') in 0.005232 seconds 
========================================================================
Received Import Request.
  Time since last request: 5.183255 seconds.
  path: Assets/GachaObjects/4Star
  artifactKey: Guid(ac6a9548d691da948ba7950316c54e5a) Importer(815301076,1909f56bfc062723c751e8b465ee728b)
Start importing Assets/GachaObjects/4Star using Guid(ac6a9548d691da948ba7950316c54e5a) Importer(815301076,1909f56bfc062723c751e8b465ee728b)  -> (artifact id: '10cc067d0a68b5a68bd452b512b26f4e') in 0.004668 seconds 
========================================================================
Received Import Request.
  Time since last request: 4.190744 seconds.
  path: Assets/GachaObjects/5Star
  artifactKey: Guid(aea4f3ecd93037c42b483ada91bd20e0) Importer(815301076,1909f56bfc062723c751e8b465ee728b)
Start importing Assets/GachaObjects/5Star using Guid(aea4f3ecd93037c42b483ada91bd20e0) Importer(815301076,1909f56bfc062723c751e8b465ee728b)  -> (artifact id: 'bfd0e4ab6dd28b467f83c47294a7b21b') in 0.005037 seconds 
========================================================================
Received Prepare
Registering precompiled user dll's ...
Registered in 0.002465 seconds.
Begin MonoManager ReloadAssembly
Native extension for WindowsStandalone target not found
Refreshing native plugins compatible for Editor in 0.78 ms, found 3 plugins.
Preloading 0 native plugins for Editor in 0.00 ms.
Mono: successfully reloaded assembly
- Completed reload, in  0.990 seconds
Domain Reload Profiling:
	ReloadAssembly (991ms)
		BeginReloadAssembly (108ms)
			ExecutionOrderSort (0ms)
			DisableScriptedObjects (6ms)
			BackupInstance (0ms)
			ReleaseScriptingObjects (0ms)
			CreateAndSetChildDomain (40ms)
		EndReloadAssembly (835ms)
			LoadAssemblies (88ms)
			RebuildTransferFunctionScriptingTraits (0ms)
			SetupTypeCache (268ms)
			ReleaseScriptCaches (2ms)
			RebuildScriptCaches (76ms)
			SetupLoadedEditorAssemblies (303ms)
				LogAssemblyErrors (0ms)
				InitializePlatformSupportModulesInManaged (3ms)
				SetLoadedEditorAssemblies (0ms)
				RefreshPlugins (1ms)
				BeforeProcessingInitializeOnLoad (96ms)
				ProcessInitializeOnLoadAttributes (187ms)
				ProcessInitializeOnLoadMethodAttributes (12ms)
				AfterProcessingInitializeOnLoad (3ms)
				EditorAssembliesLoaded (0ms)
			ExecutionOrderSort2 (0ms)
			AwakeInstancesAfterBackupRestoration (12ms)
Platform modules already initialized, skipping
Refreshing native plugins compatible for Editor in 0.85 ms, found 3 plugins.
Preloading 0 native plugins for Editor in 0.00 ms.
Unloading 3754 Unused Serialized files (Serialized files now loaded: 0)
System memory in use before: 158.6 MB.
System memory in use after: 158.7 MB.

Unloading 21 unused Assets to reduce memory usage. Loaded Objects now: 4320.
Total: 3.456800 ms (FindLiveObjects: 0.413900 ms CreateObjectMapping: 0.204000 ms MarkObjects: 2.616100 ms  DeleteObjects: 0.221900 ms)

AssetImportParameters requested are different than current active one (requested -> active):
  custom:framework-win-MediaFoundation: 216162199b28c13a410421893ffa2e32 -> 
  custom:video-decoder-ogg-theora: a1e56fd34408186e4bbccfd4996cb3dc -> 
  custom:container-muxer-webm: aa71ff27fc2769a1b78a27578f13a17b -> 
  custom:container-demuxer-webm: 4f35f7cbe854078d1ac9338744f61a02 -> 
  custom:container-demuxer-ogg: 62fdf1f143b41e24485cea50d1cbac27 -> 
  custom:video-encoder-webm-vp8: eb34c28f22e8b96e1ab97ce403110664 -> 
  custom:video-codec-MediaFoundation-h265: 746d11721c4dcdbdad8f713fa42b33f4 -> 
  custom:video-decoder-webm-vp8: 9c59270c3fd7afecdb556c50c9e8de78 -> 
  custom:audio-decoder-ogg-vorbis: bf7c407c2cedff20999df2af8eb42d56 -> 
  custom:audio-encoder-webm-vorbis: bf7c407c2cedff20999df2af8eb42d56 -> 
========================================================================
Received Import Request.
  Time since last request: 40.508823 seconds.
  path: Assets/GachaObjects/1Star/New Gacha Object.asset
  artifactKey: Guid(ea60ab9816b9c6a4aa3f5146b35574f4) Importer(815301076,1909f56bfc062723c751e8b465ee728b)
Start importing Assets/GachaObjects/1Star/New Gacha Object.asset using Guid(ea60ab9816b9c6a4aa3f5146b35574f4) Importer(815301076,1909f56bfc062723c751e8b465ee728b)  -> (artifact id: '2c97ebb56111c7dffe51107a1122334f') in 0.025664 seconds 
========================================================================
Received Import Request.
  Time since last request: 25.215543 seconds.
  path: Assets/Scripts/GachaObject.cs
  artifactKey: Guid(9abd9a43a2159594982783569b7a8032) Importer(815301076,1909f56bfc062723c751e8b465ee728b)
Start importing Assets/Scripts/GachaObject.cs using Guid(9abd9a43a2159594982783569b7a8032) Importer(815301076,1909f56bfc062723c751e8b465ee728b)  -> (artifact id: 'ec626bf7b139b2061bf2440fb66a86ad') in 0.013518 seconds 
========================================================================
Received Prepare
Registering precompiled user dll's ...
Registered in 0.004052 seconds.
Begin MonoManager ReloadAssembly
Native extension for WindowsStandalone target not found
Refreshing native plugins compatible for Editor in 0.96 ms, found 3 plugins.
Preloading 0 native plugins for Editor in 0.00 ms.
Mono: successfully reloaded assembly
- Completed reload, in  0.975 seconds
Domain Reload Profiling:
	ReloadAssembly (975ms)
		BeginReloadAssembly (110ms)
			ExecutionOrderSort (0ms)
			DisableScriptedObjects (5ms)
			BackupInstance (0ms)
			ReleaseScriptingObjects (0ms)
			CreateAndSetChildDomain (44ms)
		EndReloadAssembly (812ms)
			LoadAssemblies (86ms)
			RebuildTransferFunctionScriptingTraits (0ms)
			SetupTypeCache (273ms)
			ReleaseScriptCaches (2ms)
			RebuildScriptCaches (68ms)
			SetupLoadedEditorAssemblies (290ms)
				LogAssemblyErrors (0ms)
				InitializePlatformSupportModulesInManaged (5ms)
				SetLoadedEditorAssemblies (0ms)
				RefreshPlugins (1ms)
				BeforeProcessingInitializeOnLoad (112ms)
				ProcessInitializeOnLoadAttributes (159ms)
				ProcessInitializeOnLoadMethodAttributes (10ms)
				AfterProcessingInitializeOnLoad (3ms)
				EditorAssembliesLoaded (0ms)
			ExecutionOrderSort2 (0ms)
			AwakeInstancesAfterBackupRestoration (10ms)
Platform modules already initialized, skipping
Refreshing native plugins compatible for Editor in 0.67 ms, found 3 plugins.
Preloading 0 native plugins for Editor in 0.00 ms.
Unloading 3754 Unused Serialized files (Serialized files now loaded: 0)
System memory in use before: 158.7 MB.
System memory in use after: 158.8 MB.

Unloading 21 unused Assets to reduce memory usage. Loaded Objects now: 4322.
Total: 2.898800 ms (FindLiveObjects: 0.216400 ms CreateObjectMapping: 0.070700 ms MarkObjects: 2.462000 ms  DeleteObjects: 0.148600 ms)

AssetImportParameters requested are different than current active one (requested -> active):
  custom:framework-win-MediaFoundation: 216162199b28c13a410421893ffa2e32 -> 
  custom:video-decoder-ogg-theora: a1e56fd34408186e4bbccfd4996cb3dc -> 
  custom:container-muxer-webm: aa71ff27fc2769a1b78a27578f13a17b -> 
  custom:container-demuxer-webm: 4f35f7cbe854078d1ac9338744f61a02 -> 
  custom:container-demuxer-ogg: 62fdf1f143b41e24485cea50d1cbac27 -> 
  custom:video-encoder-webm-vp8: eb34c28f22e8b96e1ab97ce403110664 -> 
  custom:video-codec-MediaFoundation-h265: 746d11721c4dcdbdad8f713fa42b33f4 -> 
  custom:video-decoder-webm-vp8: 9c59270c3fd7afecdb556c50c9e8de78 -> 
  custom:audio-decoder-ogg-vorbis: bf7c407c2cedff20999df2af8eb42d56 -> 
  custom:audio-encoder-webm-vorbis: bf7c407c2cedff20999df2af8eb42d56 -> 
========================================================================
Received Import Request.
  Time since last request: 20.758525 seconds.
  path: Assets/GachaObjects/1Star/Sasimi.asset
  artifactKey: Guid(ea60ab9816b9c6a4aa3f5146b35574f4) Importer(815301076,1909f56bfc062723c751e8b465ee728b)
Start importing Assets/GachaObjects/1Star/Sasimi.asset using Guid(ea60ab9816b9c6a4aa3f5146b35574f4) Importer(815301076,1909f56bfc062723c751e8b465ee728b)  -> (artifact id: 'eac69de614e3ee958595d78a6e7a365c') in 0.024253 seconds 
========================================================================
Received Import Request.
  Time since last request: 12.611177 seconds.
  path: Assets/GachaObjects/1Star/Sashimi.asset
  artifactKey: Guid(ea60ab9816b9c6a4aa3f5146b35574f4) Importer(815301076,1909f56bfc062723c751e8b465ee728b)
Start importing Assets/GachaObjects/1Star/Sashimi.asset using Guid(ea60ab9816b9c6a4aa3f5146b35574f4) Importer(815301076,1909f56bfc062723c751e8b465ee728b)  -> (artifact id: 'd2d9a0b4d4f518912e83cf3b1212df88') in 0.005490 seconds 
========================================================================
Received Import Request.
  Time since last request: 6.954230 seconds.
  path: Assets/GachaObjects/2Star/Sushi.asset
  artifactKey: Guid(cdfddef04257c8d48a4f4960e5bada20) Importer(815301076,1909f56bfc062723c751e8b465ee728b)
Start importing Assets/GachaObjects/2Star/Sushi.asset using Guid(cdfddef04257c8d48a4f4960e5bada20) Importer(815301076,1909f56bfc062723c751e8b465ee728b)  -> (artifact id: '4f3913067bce5868cbe088ccd60750a5') in 0.005314 seconds 
========================================================================
Received Import Request.
  Time since last request: 23.969820 seconds.
  path: Assets/GachaObjects/4Star/ConveyerSyshi.asset
  artifactKey: Guid(136c3c90a84dfb948add25a07d8133ab) Importer(815301076,1909f56bfc062723c751e8b465ee728b)
Start importing Assets/GachaObjects/4Star/ConveyerSyshi.asset using Guid(136c3c90a84dfb948add25a07d8133ab) Importer(815301076,1909f56bfc062723c751e8b465ee728b)  -> (artifact id: 'ed9c4a896913ab07c9f5e7287d7a203d') in 0.016014 seconds 
========================================================================
Received Import Request.
  Time since last request: 4.108378 seconds.
  path: Assets/GachaObjects/4Star/ConveyerSushi.asset
  artifactKey: Guid(136c3c90a84dfb948add25a07d8133ab) Importer(815301076,1909f56bfc062723c751e8b465ee728b)
Start importing Assets/GachaObjects/4Star/ConveyerSushi.asset using Guid(136c3c90a84dfb948add25a07d8133ab) Importer(815301076,1909f56bfc062723c751e8b465ee728b)  -> (artifact id: '1dbb9da0b89cd9d03f44b7a973e08502') in 0.006206 seconds 
========================================================================
Received Prepare
Registering precompiled user dll's ...
Registered in 0.002345 seconds.
Begin MonoManager ReloadAssembly
Native extension for WindowsStandalone target not found
Refreshing native plugins compatible for Editor in 0.62 ms, found 3 plugins.
Preloading 0 native plugins for Editor in 0.00 ms.
Mono: successfully reloaded assembly
- Completed reload, in  0.836 seconds
Domain Reload Profiling:
	ReloadAssembly (837ms)
		BeginReloadAssembly (98ms)
			ExecutionOrderSort (0ms)
			DisableScriptedObjects (5ms)
			BackupInstance (0ms)
			ReleaseScriptingObjects (0ms)
			CreateAndSetChildDomain (38ms)
		EndReloadAssembly (695ms)
			LoadAssemblies (73ms)
			RebuildTransferFunctionScriptingTraits (0ms)
			SetupTypeCache (227ms)
			ReleaseScriptCaches (2ms)
			RebuildScriptCaches (61ms)
			SetupLoadedEditorAssemblies (250ms)
				LogAssemblyErrors (0ms)
				InitializePlatformSupportModulesInManaged (3ms)
				SetLoadedEditorAssemblies (0ms)
				RefreshPlugins (1ms)
				BeforeProcessingInitializeOnLoad (83ms)
				ProcessInitializeOnLoadAttributes (149ms)
				ProcessInitializeOnLoadMethodAttributes (11ms)
				AfterProcessingInitializeOnLoad (3ms)
				EditorAssembliesLoaded (0ms)
			ExecutionOrderSort2 (0ms)
			AwakeInstancesAfterBackupRestoration (11ms)
Platform modules already initialized, skipping
Refreshing native plugins compatible for Editor in 0.85 ms, found 3 plugins.
Preloading 0 native plugins for Editor in 0.00 ms.
Unloading 3754 Unused Serialized files (Serialized files now loaded: 0)
System memory in use before: 158.7 MB.
System memory in use after: 158.8 MB.

Unloading 21 unused Assets to reduce memory usage. Loaded Objects now: 4324.
Total: 2.906000 ms (FindLiveObjects: 0.212200 ms CreateObjectMapping: 0.088500 ms MarkObjects: 2.481900 ms  DeleteObjects: 0.122600 ms)

AssetImportParameters requested are different than current active one (requested -> active):
  custom:framework-win-MediaFoundation: 216162199b28c13a410421893ffa2e32 -> 
  custom:video-decoder-ogg-theora: a1e56fd34408186e4bbccfd4996cb3dc -> 
  custom:container-muxer-webm: aa71ff27fc2769a1b78a27578f13a17b -> 
  custom:container-demuxer-webm: 4f35f7cbe854078d1ac9338744f61a02 -> 
  custom:container-demuxer-ogg: 62fdf1f143b41e24485cea50d1cbac27 -> 
  custom:video-encoder-webm-vp8: eb34c28f22e8b96e1ab97ce403110664 -> 
  custom:video-codec-MediaFoundation-h265: 746d11721c4dcdbdad8f713fa42b33f4 -> 
  custom:video-decoder-webm-vp8: 9c59270c3fd7afecdb556c50c9e8de78 -> 
  custom:audio-decoder-ogg-vorbis: bf7c407c2cedff20999df2af8eb42d56 -> 
  custom:audio-encoder-webm-vorbis: bf7c407c2cedff20999df2af8eb42d56 -> 
========================================================================
Received Prepare
Registering precompiled user dll's ...
Registered in 0.002199 seconds.
Begin MonoManager ReloadAssembly
Native extension for WindowsStandalone target not found
Refreshing native plugins compatible for Editor in 0.57 ms, found 3 plugins.
Preloading 0 native plugins for Editor in 0.00 ms.
Mono: successfully reloaded assembly
- Completed reload, in  0.825 seconds
Domain Reload Profiling:
	ReloadAssembly (825ms)
		BeginReloadAssembly (92ms)
			ExecutionOrderSort (0ms)
			DisableScriptedObjects (6ms)
			BackupInstance (0ms)
			ReleaseScriptingObjects (0ms)
			CreateAndSetChildDomain (32ms)
		EndReloadAssembly (691ms)
			LoadAssemblies (71ms)
			RebuildTransferFunctionScriptingTraits (0ms)
			SetupTypeCache (229ms)
			ReleaseScriptCaches (2ms)
			RebuildScriptCaches (62ms)
			SetupLoadedEditorAssemblies (248ms)
				LogAssemblyErrors (0ms)
				InitializePlatformSupportModulesInManaged (3ms)
				SetLoadedEditorAssemblies (1ms)
				RefreshPlugins (1ms)
				BeforeProcessingInitializeOnLoad (82ms)
				ProcessInitializeOnLoadAttributes (148ms)
				ProcessInitializeOnLoadMethodAttributes (9ms)
				AfterProcessingInitializeOnLoad (4ms)
				EditorAssembliesLoaded (1ms)
			ExecutionOrderSort2 (0ms)
			AwakeInstancesAfterBackupRestoration (11ms)
Platform modules already initialized, skipping
Refreshing native plugins compatible for Editor in 0.64 ms, found 3 plugins.
Preloading 0 native plugins for Editor in 0.00 ms.
Unloading 3754 Unused Serialized files (Serialized files now loaded: 0)
System memory in use before: 158.8 MB.
System memory in use after: 158.9 MB.

Unloading 21 unused Assets to reduce memory usage. Loaded Objects now: 4326.
Total: 2.903200 ms (FindLiveObjects: 0.228100 ms CreateObjectMapping: 0.077600 ms MarkObjects: 2.468900 ms  DeleteObjects: 0.127500 ms)

AssetImportParameters requested are different than current active one (requested -> active):
  custom:framework-win-MediaFoundation: 216162199b28c13a410421893ffa2e32 -> 
  custom:video-decoder-ogg-theora: a1e56fd34408186e4bbccfd4996cb3dc -> 
  custom:container-muxer-webm: aa71ff27fc2769a1b78a27578f13a17b -> 
  custom:container-demuxer-webm: 4f35f7cbe854078d1ac9338744f61a02 -> 
  custom:container-demuxer-ogg: 62fdf1f143b41e24485cea50d1cbac27 -> 
  custom:video-encoder-webm-vp8: eb34c28f22e8b96e1ab97ce403110664 -> 
  custom:video-codec-MediaFoundation-h265: 746d11721c4dcdbdad8f713fa42b33f4 -> 
  custom:video-decoder-webm-vp8: 9c59270c3fd7afecdb556c50c9e8de78 -> 
  custom:audio-decoder-ogg-vorbis: bf7c407c2cedff20999df2af8eb42d56 -> 
  custom:audio-encoder-webm-vorbis: bf7c407c2cedff20999df2af8eb42d56 -> 
========================================================================
Received Prepare
Registering precompiled user dll's ...
Registered in 0.002354 seconds.
Begin MonoManager ReloadAssembly
Native extension for WindowsStandalone target not found
Refreshing native plugins compatible for Editor in 0.62 ms, found 3 plugins.
Preloading 0 native plugins for Editor in 0.00 ms.
Mono: successfully reloaded assembly
- Completed reload, in  0.834 seconds
Domain Reload Profiling:
	ReloadAssembly (834ms)
		BeginReloadAssembly (107ms)
			ExecutionOrderSort (0ms)
			DisableScriptedObjects (4ms)
			BackupInstance (0ms)
			ReleaseScriptingObjects (0ms)
			CreateAndSetChildDomain (34ms)
		EndReloadAssembly (684ms)
			LoadAssemblies (82ms)
			RebuildTransferFunctionScriptingTraits (0ms)
			SetupTypeCache (220ms)
			ReleaseScriptCaches (2ms)
			RebuildScriptCaches (64ms)
			SetupLoadedEditorAssemblies (246ms)
				LogAssemblyErrors (0ms)
				InitializePlatformSupportModulesInManaged (3ms)
				SetLoadedEditorAssemblies (0ms)
				RefreshPlugins (1ms)
				BeforeProcessingInitializeOnLoad (82ms)
				ProcessInitializeOnLoadAttributes (148ms)
				ProcessInitializeOnLoadMethodAttributes (9ms)
				AfterProcessingInitializeOnLoad (3ms)
				EditorAssembliesLoaded (0ms)
			ExecutionOrderSort2 (0ms)
			AwakeInstancesAfterBackupRestoration (10ms)
Platform modules already initialized, skipping
Refreshing native plugins compatible for Editor in 0.68 ms, found 3 plugins.
Preloading 0 native plugins for Editor in 0.00 ms.
Unloading 3754 Unused Serialized files (Serialized files now loaded: 0)
System memory in use before: 158.8 MB.
System memory in use after: 158.9 MB.

Unloading 21 unused Assets to reduce memory usage. Loaded Objects now: 4328.
Total: 2.961100 ms (FindLiveObjects: 0.310100 ms CreateObjectMapping: 0.115700 ms MarkObjects: 2.421500 ms  DeleteObjects: 0.112500 ms)

AssetImportParameters requested are different than current active one (requested -> active):
  custom:framework-win-MediaFoundation: 216162199b28c13a410421893ffa2e32 -> 
  custom:video-decoder-ogg-theora: a1e56fd34408186e4bbccfd4996cb3dc -> 
  custom:container-muxer-webm: aa71ff27fc2769a1b78a27578f13a17b -> 
  custom:container-demuxer-webm: 4f35f7cbe854078d1ac9338744f61a02 -> 
  custom:container-demuxer-ogg: 62fdf1f143b41e24485cea50d1cbac27 -> 
  custom:video-encoder-webm-vp8: eb34c28f22e8b96e1ab97ce403110664 -> 
  custom:video-codec-MediaFoundation-h265: 746d11721c4dcdbdad8f713fa42b33f4 -> 
  custom:video-decoder-webm-vp8: 9c59270c3fd7afecdb556c50c9e8de78 -> 
  custom:audio-decoder-ogg-vorbis: bf7c407c2cedff20999df2af8eb42d56 -> 
  custom:audio-encoder-webm-vorbis: bf7c407c2cedff20999df2af8eb42d56 -> 
========================================================================
Received Prepare
Registering precompiled user dll's ...
Registered in 0.002640 seconds.
Begin MonoManager ReloadAssembly
Native extension for WindowsStandalone target not found
Refreshing native plugins compatible for Editor in 0.59 ms, found 3 plugins.
Preloading 0 native plugins for Editor in 0.00 ms.
Mono: successfully reloaded assembly
- Completed reload, in  0.864 seconds
Domain Reload Profiling:
	ReloadAssembly (865ms)
		BeginReloadAssembly (96ms)
			ExecutionOrderSort (0ms)
			DisableScriptedObjects (5ms)
			BackupInstance (0ms)
			ReleaseScriptingObjects (0ms)
			CreateAndSetChildDomain (34ms)
		EndReloadAssembly (722ms)
			LoadAssemblies (73ms)
			RebuildTransferFunctionScriptingTraits (0ms)
			SetupTypeCache (236ms)
			ReleaseScriptCaches (2ms)
			RebuildScriptCaches (64ms)
			SetupLoadedEditorAssemblies (256ms)
				LogAssemblyErrors (0ms)
				InitializePlatformSupportModulesInManaged (3ms)
				SetLoadedEditorAssemblies (1ms)
				RefreshPlugins (1ms)
				BeforeProcessingInitializeOnLoad (86ms)
				ProcessInitializeOnLoadAttributes (151ms)
				ProcessInitializeOnLoadMethodAttributes (11ms)
				AfterProcessingInitializeOnLoad (3ms)
				EditorAssembliesLoaded (0ms)
			ExecutionOrderSort2 (0ms)
			AwakeInstancesAfterBackupRestoration (12ms)
Platform modules already initialized, skipping
Refreshing native plugins compatible for Editor in 0.77 ms, found 3 plugins.
Preloading 0 native plugins for Editor in 0.00 ms.
Unloading 3754 Unused Serialized files (Serialized files now loaded: 0)
System memory in use before: 158.8 MB.
System memory in use after: 158.9 MB.

Unloading 21 unused Assets to reduce memory usage. Loaded Objects now: 4330.
Total: 2.754600 ms (FindLiveObjects: 0.217000 ms CreateObjectMapping: 0.085100 ms MarkObjects: 2.343200 ms  DeleteObjects: 0.108400 ms)

AssetImportParameters requested are different than current active one (requested -> active):
  custom:framework-win-MediaFoundation: 216162199b28c13a410421893ffa2e32 -> 
  custom:video-decoder-ogg-theora: a1e56fd34408186e4bbccfd4996cb3dc -> 
  custom:container-muxer-webm: aa71ff27fc2769a1b78a27578f13a17b -> 
  custom:container-demuxer-webm: 4f35f7cbe854078d1ac9338744f61a02 -> 
  custom:container-demuxer-ogg: 62fdf1f143b41e24485cea50d1cbac27 -> 
  custom:video-encoder-webm-vp8: eb34c28f22e8b96e1ab97ce403110664 -> 
  custom:video-codec-MediaFoundation-h265: 746d11721c4dcdbdad8f713fa42b33f4 -> 
  custom:video-decoder-webm-vp8: 9c59270c3fd7afecdb556c50c9e8de78 -> 
  custom:audio-decoder-ogg-vorbis: bf7c407c2cedff20999df2af8eb42d56 -> 
  custom:audio-encoder-webm-vorbis: bf7c407c2cedff20999df2af8eb42d56 -> 
========================================================================
Received Prepare
Registering precompiled user dll's ...
Registered in 0.002830 seconds.
Begin MonoManager ReloadAssembly
Native extension for WindowsStandalone target not found
Refreshing native plugins compatible for Editor in 0.63 ms, found 3 plugins.
Preloading 0 native plugins for Editor in 0.00 ms.
Mono: successfully reloaded assembly
- Completed reload, in  0.870 seconds
Domain Reload Profiling:
	ReloadAssembly (871ms)
		BeginReloadAssembly (96ms)
			ExecutionOrderSort (0ms)
			DisableScriptedObjects (5ms)
			BackupInstance (0ms)
			ReleaseScriptingObjects (0ms)
			CreateAndSetChildDomain (35ms)
		EndReloadAssembly (714ms)
			LoadAssemblies (70ms)
			RebuildTransferFunctionScriptingTraits (0ms)
			SetupTypeCache (245ms)
			ReleaseScriptCaches (2ms)
			RebuildScriptCaches (65ms)
			SetupLoadedEditorAssemblies (252ms)
				LogAssemblyErrors (0ms)
				InitializePlatformSupportModulesInManaged (3ms)
				SetLoadedEditorAssemblies (1ms)
				RefreshPlugins (1ms)
				BeforeProcessingInitializeOnLoad (88ms)
				ProcessInitializeOnLoadAttributes (147ms)
				ProcessInitializeOnLoadMethodAttributes (9ms)
				AfterProcessingInitializeOnLoad (3ms)
				EditorAssembliesLoaded (0ms)
			ExecutionOrderSort2 (0ms)
			AwakeInstancesAfterBackupRestoration (9ms)
Platform modules already initialized, skipping
Refreshing native plugins compatible for Editor in 0.75 ms, found 3 plugins.
Preloading 0 native plugins for Editor in 0.00 ms.
Unloading 3754 Unused Serialized files (Serialized files now loaded: 0)
System memory in use before: 158.8 MB.
System memory in use after: 158.9 MB.

Unloading 21 unused Assets to reduce memory usage. Loaded Objects now: 4332.
Total: 2.928500 ms (FindLiveObjects: 0.200300 ms CreateObjectMapping: 0.078200 ms MarkObjects: 2.536200 ms  DeleteObjects: 0.113000 ms)

AssetImportParameters requested are different than current active one (requested -> active):
  custom:framework-win-MediaFoundation: 216162199b28c13a410421893ffa2e32 -> 
  custom:video-decoder-ogg-theora: a1e56fd34408186e4bbccfd4996cb3dc -> 
  custom:container-muxer-webm: aa71ff27fc2769a1b78a27578f13a17b -> 
  custom:container-demuxer-webm: 4f35f7cbe854078d1ac9338744f61a02 -> 
  custom:container-demuxer-ogg: 62fdf1f143b41e24485cea50d1cbac27 -> 
  custom:video-encoder-webm-vp8: eb34c28f22e8b96e1ab97ce403110664 -> 
  custom:video-codec-MediaFoundation-h265: 746d11721c4dcdbdad8f713fa42b33f4 -> 
  custom:video-decoder-webm-vp8: 9c59270c3fd7afecdb556c50c9e8de78 -> 
  custom:audio-decoder-ogg-vorbis: bf7c407c2cedff20999df2af8eb42d56 -> 
  custom:audio-encoder-webm-vorbis: bf7c407c2cedff20999df2af8eb42d56 -> 
========================================================================
Received Prepare
Registering precompiled user dll's ...
Registered in 0.002280 seconds.
Begin MonoManager ReloadAssembly
Native extension for WindowsStandalone target not found
Refreshing native plugins compatible for Editor in 0.62 ms, found 3 plugins.
Preloading 0 native plugins for Editor in 0.00 ms.
Mono: successfully reloaded assembly
- Completed reload, in  0.871 seconds
Domain Reload Profiling:
	ReloadAssembly (872ms)
		BeginReloadAssembly (100ms)
			ExecutionOrderSort (0ms)
			DisableScriptedObjects (5ms)
			BackupInstance (0ms)
			ReleaseScriptingObjects (0ms)
			CreateAndSetChildDomain (34ms)
		EndReloadAssembly (727ms)
			LoadAssemblies (77ms)
			RebuildTransferFunctionScriptingTraits (0ms)
			SetupTypeCache (223ms)
			ReleaseScriptCaches (2ms)
			RebuildScriptCaches (66ms)
			SetupLoadedEditorAssemblies (276ms)
				LogAssemblyErrors (0ms)
				InitializePlatformSupportModulesInManaged (3ms)
				SetLoadedEditorAssemblies (1ms)
				RefreshPlugins (1ms)
				BeforeProcessingInitializeOnLoad (84ms)
				ProcessInitializeOnLoadAttributes (174ms)
				ProcessInitializeOnLoadMethodAttributes (10ms)
				AfterProcessingInitializeOnLoad (3ms)
				EditorAssembliesLoaded (0ms)
			ExecutionOrderSort2 (0ms)
			AwakeInstancesAfterBackupRestoration (12ms)
Platform modules already initialized, skipping
Refreshing native plugins compatible for Editor in 0.77 ms, found 3 plugins.
Preloading 0 native plugins for Editor in 0.00 ms.
Unloading 3754 Unused Serialized files (Serialized files now loaded: 0)
System memory in use before: 158.8 MB.
System memory in use after: 158.9 MB.

Unloading 21 unused Assets to reduce memory usage. Loaded Objects now: 4334.
Total: 4.328700 ms (FindLiveObjects: 0.320700 ms CreateObjectMapping: 0.101600 ms MarkObjects: 3.698000 ms  DeleteObjects: 0.206100 ms)

AssetImportParameters requested are different than current active one (requested -> active):
  custom:framework-win-MediaFoundation: 216162199b28c13a410421893ffa2e32 -> 
  custom:video-decoder-ogg-theora: a1e56fd34408186e4bbccfd4996cb3dc -> 
  custom:container-muxer-webm: aa71ff27fc2769a1b78a27578f13a17b -> 
  custom:container-demuxer-webm: 4f35f7cbe854078d1ac9338744f61a02 -> 
  custom:container-demuxer-ogg: 62fdf1f143b41e24485cea50d1cbac27 -> 
  custom:video-encoder-webm-vp8: eb34c28f22e8b96e1ab97ce403110664 -> 
  custom:video-codec-MediaFoundation-h265: 746d11721c4dcdbdad8f713fa42b33f4 -> 
  custom:video-decoder-webm-vp8: 9c59270c3fd7afecdb556c50c9e8de78 -> 
  custom:audio-decoder-ogg-vorbis: bf7c407c2cedff20999df2af8eb42d56 -> 
  custom:audio-encoder-webm-vorbis: bf7c407c2cedff20999df2af8eb42d56 -> 
========================================================================
Received Import Request.
  Time since last request: 776.215783 seconds.
  path: Assets/Scripts/GachaObject.cs
  artifactKey: Guid(9abd9a43a2159594982783569b7a8032) Importer(815301076,1909f56bfc062723c751e8b465ee728b)
Start importing Assets/Scripts/GachaObject.cs using Guid(9abd9a43a2159594982783569b7a8032) Importer(815301076,1909f56bfc062723c751e8b465ee728b)  -> (artifact id: 'c08e6f39c40e88eeea6962eb81d95fe6') in 0.006966 seconds 
========================================================================
Received Import Request.
  Time since last request: 25.721745 seconds.
  path: Assets/Scripts/GachaObject.cs
  artifactKey: Guid(9abd9a43a2159594982783569b7a8032) Importer(815301076,1909f56bfc062723c751e8b465ee728b)
Start importing Assets/Scripts/GachaObject.cs using Guid(9abd9a43a2159594982783569b7a8032) Importer(815301076,1909f56bfc062723c751e8b465ee728b)  -> (artifact id: '5e99dce34563f08f7a8460c3ab8e306c') in 0.002413 seconds 
========================================================================
Received Prepare
Registering precompiled user dll's ...
Registered in 0.002232 seconds.
Begin MonoManager ReloadAssembly
Native extension for WindowsStandalone target not found
Refreshing native plugins compatible for Editor in 0.77 ms, found 3 plugins.
Preloading 0 native plugins for Editor in 0.00 ms.
Mono: successfully reloaded assembly
- Completed reload, in  0.951 seconds
Domain Reload Profiling:
	ReloadAssembly (951ms)
		BeginReloadAssembly (93ms)
			ExecutionOrderSort (0ms)
			DisableScriptedObjects (5ms)
			BackupInstance (0ms)
			ReleaseScriptingObjects (0ms)
			CreateAndSetChildDomain (31ms)
		EndReloadAssembly (810ms)
			LoadAssemblies (75ms)
			RebuildTransferFunctionScriptingTraits (0ms)
			SetupTypeCache (272ms)
			ReleaseScriptCaches (2ms)
			RebuildScriptCaches (75ms)
			SetupLoadedEditorAssemblies (288ms)
				LogAssemblyErrors (0ms)
				InitializePlatformSupportModulesInManaged (3ms)
				SetLoadedEditorAssemblies (0ms)
				RefreshPlugins (1ms)
				BeforeProcessingInitializeOnLoad (94ms)
				ProcessInitializeOnLoadAttributes (175ms)
				ProcessInitializeOnLoadMethodAttributes (10ms)
				AfterProcessingInitializeOnLoad (4ms)
				EditorAssembliesLoaded (0ms)
			ExecutionOrderSort2 (0ms)
			AwakeInstancesAfterBackupRestoration (12ms)
Platform modules already initialized, skipping
Refreshing native plugins compatible for Editor in 0.80 ms, found 3 plugins.
Preloading 0 native plugins for Editor in 0.00 ms.
Unloading 3754 Unused Serialized files (Serialized files now loaded: 0)
System memory in use before: 158.8 MB.
System memory in use after: 158.9 MB.

Unloading 21 unused Assets to reduce memory usage. Loaded Objects now: 4336.
Total: 3.088800 ms (FindLiveObjects: 0.260000 ms CreateObjectMapping: 0.108100 ms MarkObjects: 2.566400 ms  DeleteObjects: 0.153200 ms)

AssetImportParameters requested are different than current active one (requested -> active):
  custom:framework-win-MediaFoundation: 216162199b28c13a410421893ffa2e32 -> 
  custom:video-decoder-ogg-theora: a1e56fd34408186e4bbccfd4996cb3dc -> 
  custom:container-muxer-webm: aa71ff27fc2769a1b78a27578f13a17b -> 
  custom:container-demuxer-webm: 4f35f7cbe854078d1ac9338744f61a02 -> 
  custom:container-demuxer-ogg: 62fdf1f143b41e24485cea50d1cbac27 -> 
  custom:video-encoder-webm-vp8: eb34c28f22e8b96e1ab97ce403110664 -> 
  custom:video-codec-MediaFoundation-h265: 746d11721c4dcdbdad8f713fa42b33f4 -> 
  custom:video-decoder-webm-vp8: 9c59270c3fd7afecdb556c50c9e8de78 -> 
  custom:audio-decoder-ogg-vorbis: bf7c407c2cedff20999df2af8eb42d56 -> 
  custom:audio-encoder-webm-vorbis: bf7c407c2cedff20999df2af8eb42d56 -> 
========================================================================
Received Import Request.
  Time since last request: 26.986922 seconds.
  path: Assets/Scripts/SlotBehaviour.cs
  artifactKey: Guid(e2e5e66a37b5c4848be71cba627e528f) Importer(815301076,1909f56bfc062723c751e8b465ee728b)
Start importing Assets/Scripts/SlotBehaviour.cs using Guid(e2e5e66a37b5c4848be71cba627e528f) Importer(815301076,1909f56bfc062723c751e8b465ee728b)  -> (artifact id: 'f79a9491e195a36f95c3241dfa7b8a0d') in 0.019308 seconds 
========================================================================
Received Import Request.
  Time since last request: 0.476815 seconds.
  path: Assets/Scripts/ChangeAura.cs
  artifactKey: Guid(b3aefba61a9178c46bf8b935f7973759) Importer(815301076,1909f56bfc062723c751e8b465ee728b)
Start importing Assets/Scripts/ChangeAura.cs using Guid(b3aefba61a9178c46bf8b935f7973759) Importer(815301076,1909f56bfc062723c751e8b465ee728b)  -> (artifact id: '8a7afcb6d5a97e95e56cd45924e786e0') in 0.004906 seconds 
========================================================================
Received Import Request.
  Time since last request: 24.835949 seconds.
  path: Assets/Scripts/GachaObject.cs
  artifactKey: Guid(9abd9a43a2159594982783569b7a8032) Importer(815301076,1909f56bfc062723c751e8b465ee728b)
Start importing Assets/Scripts/GachaObject.cs using Guid(9abd9a43a2159594982783569b7a8032) Importer(815301076,1909f56bfc062723c751e8b465ee728b)  -> (artifact id: 'dd492ea5c10c04084ad6f1645b037732') in 0.002152 seconds 
========================================================================
Received Prepare
Registering precompiled user dll's ...
Registered in 0.002546 seconds.
Begin MonoManager ReloadAssembly
Native extension for WindowsStandalone target not found
Refreshing native plugins compatible for Editor in 0.98 ms, found 3 plugins.
Preloading 0 native plugins for Editor in 0.00 ms.
Mono: successfully reloaded assembly
- Completed reload, in  0.971 seconds
Domain Reload Profiling:
	ReloadAssembly (972ms)
		BeginReloadAssembly (96ms)
			ExecutionOrderSort (0ms)
			DisableScriptedObjects (5ms)
			BackupInstance (0ms)
			ReleaseScriptingObjects (0ms)
			CreateAndSetChildDomain (34ms)
		EndReloadAssembly (831ms)
			LoadAssemblies (80ms)
			RebuildTransferFunctionScriptingTraits (0ms)
			SetupTypeCache (282ms)
			ReleaseScriptCaches (2ms)
			RebuildScriptCaches (75ms)
			SetupLoadedEditorAssemblies (295ms)
				LogAssemblyErrors (0ms)
				InitializePlatformSupportModulesInManaged (4ms)
				SetLoadedEditorAssemblies (0ms)
				RefreshPlugins (1ms)
				BeforeProcessingInitializeOnLoad (98ms)
				ProcessInitializeOnLoadAttributes (176ms)
				ProcessInitializeOnLoadMethodAttributes (12ms)
				AfterProcessingInitializeOnLoad (3ms)
				EditorAssembliesLoaded (0ms)
			ExecutionOrderSort2 (0ms)
			AwakeInstancesAfterBackupRestoration (11ms)
Platform modules already initialized, skipping
Refreshing native plugins compatible for Editor in 0.90 ms, found 3 plugins.
Preloading 0 native plugins for Editor in 0.00 ms.
Unloading 3754 Unused Serialized files (Serialized files now loaded: 0)
System memory in use before: 158.8 MB.
System memory in use after: 158.9 MB.

Unloading 21 unused Assets to reduce memory usage. Loaded Objects now: 4338.
Total: 3.380300 ms (FindLiveObjects: 0.247100 ms CreateObjectMapping: 0.091100 ms MarkObjects: 2.903400 ms  DeleteObjects: 0.137500 ms)

AssetImportParameters requested are different than current active one (requested -> active):
  custom:framework-win-MediaFoundation: 216162199b28c13a410421893ffa2e32 -> 
  custom:video-decoder-ogg-theora: a1e56fd34408186e4bbccfd4996cb3dc -> 
  custom:container-muxer-webm: aa71ff27fc2769a1b78a27578f13a17b -> 
  custom:container-demuxer-webm: 4f35f7cbe854078d1ac9338744f61a02 -> 
  custom:container-demuxer-ogg: 62fdf1f143b41e24485cea50d1cbac27 -> 
  custom:video-encoder-webm-vp8: eb34c28f22e8b96e1ab97ce403110664 -> 
  custom:video-codec-MediaFoundation-h265: 746d11721c4dcdbdad8f713fa42b33f4 -> 
  custom:video-decoder-webm-vp8: 9c59270c3fd7afecdb556c50c9e8de78 -> 
  custom:audio-decoder-ogg-vorbis: bf7c407c2cedff20999df2af8eb42d56 -> 
  custom:audio-encoder-webm-vorbis: bf7c407c2cedff20999df2af8eb42d56 -> 
========================================================================
Received Prepare
Registering precompiled user dll's ...
Registered in 0.002202 seconds.
Begin MonoManager ReloadAssembly
Native extension for WindowsStandalone target not found
Refreshing native plugins compatible for Editor in 0.64 ms, found 3 plugins.
Preloading 0 native plugins for Editor in 0.00 ms.
Mono: successfully reloaded assembly
- Completed reload, in  0.947 seconds
Domain Reload Profiling:
	ReloadAssembly (947ms)
		BeginReloadAssembly (92ms)
			ExecutionOrderSort (0ms)
			DisableScriptedObjects (5ms)
			BackupInstance (0ms)
			ReleaseScriptingObjects (0ms)
			CreateAndSetChildDomain (33ms)
		EndReloadAssembly (806ms)
			LoadAssemblies (76ms)
			RebuildTransferFunctionScriptingTraits (0ms)
			SetupTypeCache (229ms)
			ReleaseScriptCaches (2ms)
			RebuildScriptCaches (70ms)
			SetupLoadedEditorAssemblies (322ms)
				LogAssemblyErrors (0ms)
				InitializePlatformSupportModulesInManaged (3ms)
				SetLoadedEditorAssemblies (0ms)
				RefreshPlugins (1ms)
				BeforeProcessingInitializeOnLoad (114ms)
				ProcessInitializeOnLoadAttributes (187ms)
				ProcessInitializeOnLoadMethodAttributes (12ms)
				AfterProcessingInitializeOnLoad (4ms)
				EditorAssembliesLoaded (0ms)
			ExecutionOrderSort2 (0ms)
			AwakeInstancesAfterBackupRestoration (15ms)
Platform modules already initialized, skipping
Refreshing native plugins compatible for Editor in 0.63 ms, found 3 plugins.
Preloading 0 native plugins for Editor in 0.00 ms.
Unloading 3754 Unused Serialized files (Serialized files now loaded: 0)
System memory in use before: 158.8 MB.
System memory in use after: 158.9 MB.

Unloading 21 unused Assets to reduce memory usage. Loaded Objects now: 4340.
Total: 2.870500 ms (FindLiveObjects: 0.220700 ms CreateObjectMapping: 0.085600 ms MarkObjects: 2.447200 ms  DeleteObjects: 0.116200 ms)

AssetImportParameters requested are different than current active one (requested -> active):
  custom:framework-win-MediaFoundation: 216162199b28c13a410421893ffa2e32 -> 
  custom:video-decoder-ogg-theora: a1e56fd34408186e4bbccfd4996cb3dc -> 
  custom:container-muxer-webm: aa71ff27fc2769a1b78a27578f13a17b -> 
  custom:container-demuxer-webm: 4f35f7cbe854078d1ac9338744f61a02 -> 
  custom:container-demuxer-ogg: 62fdf1f143b41e24485cea50d1cbac27 -> 
  custom:video-encoder-webm-vp8: eb34c28f22e8b96e1ab97ce403110664 -> 
  custom:video-codec-MediaFoundation-h265: 746d11721c4dcdbdad8f713fa42b33f4 -> 
  custom:video-decoder-webm-vp8: 9c59270c3fd7afecdb556c50c9e8de78 -> 
  custom:audio-decoder-ogg-vorbis: bf7c407c2cedff20999df2af8eb42d56 -> 
  custom:audio-encoder-webm-vorbis: bf7c407c2cedff20999df2af8eb42d56 -> 
========================================================================
Received Import Request.
  Time since last request: 236.263117 seconds.
  path: Assets/Resources/UniversalRenderPipelineAsset.asset
  artifactKey: Guid(39b0d8c1e8dfa9341b947358b60ca3e2) Importer(815301076,1909f56bfc062723c751e8b465ee728b)
Start importing Assets/Resources/UniversalRenderPipelineAsset.asset using Guid(39b0d8c1e8dfa9341b947358b60ca3e2) Importer(815301076,1909f56bfc062723c751e8b465ee728b)  -> (artifact id: '302204ef41fc6511b1ec9b407201f44c') in 0.063255 seconds 
========================================================================
Received Import Request.
  Time since last request: 23.623522 seconds.
  path: Assets/GachaObjects/1Star/Sashimi 1.asset
  artifactKey: Guid(fa35778979702814091a1f17e69c6d12) Importer(815301076,1909f56bfc062723c751e8b465ee728b)
Start importing Assets/GachaObjects/1Star/Sashimi 1.asset using Guid(fa35778979702814091a1f17e69c6d12) Importer(815301076,1909f56bfc062723c751e8b465ee728b)  -> (artifact id: 'e65741136dcf4a6a1f7fc61445611077') in 0.006161 seconds 
========================================================================
Received Import Request.
  Time since last request: 0.106014 seconds.
  path: Assets/GachaObjects/1Star/Sashimi 2.asset
  artifactKey: Guid(26fc15df56cba6c4190043d941044015) Importer(815301076,1909f56bfc062723c751e8b465ee728b)
Start importing Assets/GachaObjects/1Star/Sashimi 2.asset using Guid(26fc15df56cba6c4190043d941044015) Importer(815301076,1909f56bfc062723c751e8b465ee728b)  -> (artifact id: '217804947c79044a75c6604198f08f22') in 0.005694 seconds 
========================================================================
Received Import Request.
  Time since last request: 0.157282 seconds.
  path: Assets/GachaObjects/1Star/Sashimi 3.asset
  artifactKey: Guid(271d7deccc4783d4bb1e4377186d668b) Importer(815301076,1909f56bfc062723c751e8b465ee728b)
Start importing Assets/GachaObjects/1Star/Sashimi 3.asset using Guid(271d7deccc4783d4bb1e4377186d668b) Importer(815301076,1909f56bfc062723c751e8b465ee728b)  -> (artifact id: '49353aa6457bd8b18f7c27ac32c238b3') in 0.005380 seconds 
========================================================================
Received Import Request.
  Time since last request: 0.149049 seconds.
  path: Assets/GachaObjects/1Star/Sashimi 4.asset
  artifactKey: Guid(73c9ff1d75a704442a394ec21115fba5) Importer(815301076,1909f56bfc062723c751e8b465ee728b)
Start importing Assets/GachaObjects/1Star/Sashimi 4.asset using Guid(73c9ff1d75a704442a394ec21115fba5) Importer(815301076,1909f56bfc062723c751e8b465ee728b)  -> (artifact id: '68e2b64991f226e26541706ac436765f') in 0.005748 seconds 
========================================================================
Received Import Request.
  Time since last request: 0.139147 seconds.
  path: Assets/GachaObjects/1Star/Sashimi 5.asset
  artifactKey: Guid(523c1c8c33a76184d97e0ae8a7d1755e) Importer(815301076,1909f56bfc062723c751e8b465ee728b)
Start importing Assets/GachaObjects/1Star/Sashimi 5.asset using Guid(523c1c8c33a76184d97e0ae8a7d1755e) Importer(815301076,1909f56bfc062723c751e8b465ee728b)  -> (artifact id: '7fd73c0a08c4808826cc29cce91a1126') in 0.005380 seconds 
========================================================================
Received Import Request.
  Time since last request: 13.977169 seconds.
  path: Assets/GachaObjects/1Star/Rock.asset
  artifactKey: Guid(fa35778979702814091a1f17e69c6d12) Importer(815301076,1909f56bfc062723c751e8b465ee728b)
Start importing Assets/GachaObjects/1Star/Rock.asset using Guid(fa35778979702814091a1f17e69c6d12) Importer(815301076,1909f56bfc062723c751e8b465ee728b)  -> (artifact id: 'c68c30b7f3e7a83a923a96d5aaaaadd5') in 0.006013 seconds 
========================================================================
Received Import Request.
  Time since last request: 26.089422 seconds.
  path: Assets/GachaObjects/1Star/Chopstick.asset
  artifactKey: Guid(26fc15df56cba6c4190043d941044015) Importer(815301076,1909f56bfc062723c751e8b465ee728b)
Start importing Assets/GachaObjects/1Star/Chopstick.asset using Guid(26fc15df56cba6c4190043d941044015) Importer(815301076,1909f56bfc062723c751e8b465ee728b)  -> (artifact id: '2b70f740a4e9202c88df96870b12b9eb') in 0.005688 seconds 
========================================================================
Received Import Request.
  Time since last request: 25.447853 seconds.
  path: Assets/GachaObjects/1Star/EmptyPill.asset
  artifactKey: Guid(271d7deccc4783d4bb1e4377186d668b) Importer(815301076,1909f56bfc062723c751e8b465ee728b)
Start importing Assets/GachaObjects/1Star/EmptyPill.asset using Guid(271d7deccc4783d4bb1e4377186d668b) Importer(815301076,1909f56bfc062723c751e8b465ee728b)  -> (artifact id: '7e792783997afb1e3b4b472c8ba1a59d') in 0.005317 seconds 
========================================================================
Received Import Request.
  Time since last request: 14.335511 seconds.
  path: Assets/GachaObjects/1Star/Toothpick.asset
  artifactKey: Guid(73c9ff1d75a704442a394ec21115fba5) Importer(815301076,1909f56bfc062723c751e8b465ee728b)
Start importing Assets/GachaObjects/1Star/Toothpick.asset using Guid(73c9ff1d75a704442a394ec21115fba5) Importer(815301076,1909f56bfc062723c751e8b465ee728b)  -> (artifact id: '0b0c8c7acecc5911a152307bf002d2ee') in 0.005933 seconds 
========================================================================
Received Import Request.
  Time since last request: 0.035320 seconds.
  path: Assets/GachaObjects/1Star/Sashimi.asset
  artifactKey: Guid(ea60ab9816b9c6a4aa3f5146b35574f4) Importer(815301076,1909f56bfc062723c751e8b465ee728b)
Start importing Assets/GachaObjects/1Star/Sashimi.asset using Guid(ea60ab9816b9c6a4aa3f5146b35574f4) Importer(815301076,1909f56bfc062723c751e8b465ee728b)  -> (artifact id: 'e5baa37766593e08f71d70e4e8ea4b93') in 0.002361 seconds 
========================================================================
Received Import Request.
  Time since last request: 26.098411 seconds.
  path: Assets/GachaObjects/1Star/Cell.asset
  artifactKey: Guid(523c1c8c33a76184d97e0ae8a7d1755e) Importer(815301076,1909f56bfc062723c751e8b465ee728b)
Start importing Assets/GachaObjects/1Star/Cell.asset using Guid(523c1c8c33a76184d97e0ae8a7d1755e) Importer(815301076,1909f56bfc062723c751e8b465ee728b)  -> (artifact id: 'a4de1513872285ef9f51627fa60b9b1b') in 0.006002 seconds 
AssetImportWorkerClient::OnTransportError - code=2 error=End of file
